c:\users\lalai\documents\github\chartmakerunreal\graphcreator\x64\debug\vc140.pdb
c:\users\lalai\documents\github\chartmakerunreal\graphcreator\x64\debug\.netframework,version=v4.5.2.assemblyattributes.obj
c:\users\lalai\documents\github\chartmakerunreal\graphcreator\x64\debug\.netframework,version=v4.5.2.assemblyattributes.asm
c:\users\lalai\documents\github\chartmakerunreal\graphcreator\x64\debug\myform.obj
c:\users\lalai\documents\github\chartmakerunreal\graphcreator\x64\debug\graphcreator.myform.resources
c:\users\lalai\documents\github\chartmakerunreal\graphcreator\x64\debug\graphcreator.vcxproj.generateresource.cache
c:\users\lalai\documents\github\chartmakerunreal\graphcreator\x64\debug\graphcreator.vcxprojresolveassemblyreference.cache
c:\users\lalai\documents\github\chartmakerunreal\x64\debug\graphcreator.pdb
c:\users\lalai\documents\github\chartmakerunreal\graphcreator\x64\debug\graphcreator.tlog\cl.command.1.tlog
c:\users\lalai\documents\github\chartmakerunreal\graphcreator\x64\debug\graphcreator.tlog\cl.read.1.tlog
c:\users\lalai\documents\github\chartmakerunreal\graphcreator\x64\debug\graphcreator.tlog\cl.write.1.tlog
c:\users\lalai\documents\github\chartmakerunreal\graphcreator\x64\debug\graphcreator.tlog\graphcreator.write.1u.tlog
c:\users\lalai\documents\github\chartmakerunreal\graphcreator\x64\debug\graphcreator.tlog\link.1080.read.1.tlog
c:\users\lalai\documents\github\chartmakerunreal\graphcreator\x64\debug\graphcreator.tlog\link.1080.write.1.tlog
c:\users\lalai\documents\github\chartmakerunreal\graphcreator\x64\debug\graphcreator.tlog\link.11824-cvtres.read.1.tlog
c:\users\lalai\documents\github\chartmakerunreal\graphcreator\x64\debug\graphcreator.tlog\link.11824-cvtres.write.1.tlog
c:\users\lalai\documents\github\chartmakerunreal\graphcreator\x64\debug\graphcreator.tlog\link.11824-rc.read.1.tlog
c:\users\lalai\documents\github\chartmakerunreal\graphcreator\x64\debug\graphcreator.tlog\link.11824-rc.write.1.tlog
c:\users\lalai\documents\github\chartmakerunreal\graphcreator\x64\debug\graphcreator.tlog\link.11824.read.1.tlog
c:\users\lalai\documents\github\chartmakerunreal\graphcreator\x64\debug\graphcreator.tlog\link.11824.write.1.tlog
c:\users\lalai\documents\github\chartmakerunreal\graphcreator\x64\debug\graphcreator.tlog\link.12632.read.1.tlog
c:\users\lalai\documents\github\chartmakerunreal\graphcreator\x64\debug\graphcreator.tlog\link.12632.write.1.tlog
c:\users\lalai\documents\github\chartmakerunreal\graphcreator\x64\debug\graphcreator.tlog\link.13544.read.1.tlog
c:\users\lalai\documents\github\chartmakerunreal\graphcreator\x64\debug\graphcreator.tlog\link.13544.write.1.tlog
c:\users\lalai\documents\github\chartmakerunreal\graphcreator\x64\debug\graphcreator.tlog\link.14020.read.1.tlog
c:\users\lalai\documents\github\chartmakerunreal\graphcreator\x64\debug\graphcreator.tlog\link.14020.write.1.tlog
c:\users\lalai\documents\github\chartmakerunreal\graphcreator\x64\debug\graphcreator.tlog\link.14340.read.1.tlog
c:\users\lalai\documents\github\chartmakerunreal\graphcreator\x64\debug\graphcreator.tlog\link.14340.write.1.tlog
c:\users\lalai\documents\github\chartmakerunreal\graphcreator\x64\debug\graphcreator.tlog\link.14540.read.1.tlog
c:\users\lalai\documents\github\chartmakerunreal\graphcreator\x64\debug\graphcreator.tlog\link.14540.write.1.tlog
c:\users\lalai\documents\github\chartmakerunreal\graphcreator\x64\debug\graphcreator.tlog\link.2704.read.1.tlog
c:\users\lalai\documents\github\chartmakerunreal\graphcreator\x64\debug\graphcreator.tlog\link.2704.write.1.tlog
c:\users\lalai\documents\github\chartmakerunreal\graphcreator\x64\debug\graphcreator.tlog\link.3848.read.1.tlog
c:\users\lalai\documents\github\chartmakerunreal\graphcreator\x64\debug\graphcreator.tlog\link.3848.write.1.tlog
c:\users\lalai\documents\github\chartmakerunreal\graphcreator\x64\debug\graphcreator.tlog\link.6076.read.1.tlog
c:\users\lalai\documents\github\chartmakerunreal\graphcreator\x64\debug\graphcreator.tlog\link.6076.write.1.tlog
c:\users\lalai\documents\github\chartmakerunreal\graphcreator\x64\debug\graphcreator.tlog\link.8328.read.1.tlog
c:\users\lalai\documents\github\chartmakerunreal\graphcreator\x64\debug\graphcreator.tlog\link.8328.write.1.tlog
c:\users\lalai\documents\github\chartmakerunreal\graphcreator\x64\debug\graphcreator.tlog\link.command.1.tlog
c:\users\lalai\documents\github\chartmakerunreal\graphcreator\x64\debug\graphcreator.tlog\link.read.1.tlog
c:\users\lalai\documents\github\chartmakerunreal\graphcreator\x64\debug\graphcreator.tlog\link.write.1.tlog
c:\users\lalai\documents\github\chartmakerunreal\graphcreator\x64\debug\graphcreator.tlog\metagen.read.1.tlog
c:\users\lalai\documents\github\chartmakerunreal\graphcreator\x64\debug\graphcreator.tlog\metagen.write.1.tlog
